This file contains any messages produced by compilers while
running configure, to aid debugging if configure makes a mistake.

It was created by aws-progs configure 0.1, which was
generated by GNU Autoconf 2.69.  Invocation command line was

  $ ./configure --build=x86_64-linux --host=x86_64-linux --target=x86_64-linux --prefix=/home/tepperson/gumstix/yocto/build/tmp/sysroots/x86_64-linux/usr --exec_prefix=/home/tepperson/gumstix/yocto/build/tmp/sysroots/x86_64-linux/usr --bindir=/home/tepperson/gumstix/yocto/build/tmp/sysroots/x86_64-linux/usr/bin --sbindir=/home/tepperson/gumstix/yocto/build/tmp/sysroots/x86_64-linux/usr/sbin --libexecdir=/home/tepperson/gumstix/yocto/build/tmp/sysroots/x86_64-linux/usr/libexec --datadir=/home/tepperson/gumstix/yocto/build/tmp/sysroots/x86_64-linux/usr/share --sysconfdir=/home/tepperson/gumstix/yocto/build/tmp/sysroots/x86_64-linux/etc --sharedstatedir=/home/tepperson/gumstix/yocto/build/tmp/sysroots/x86_64-linux/com --localstatedir=/home/tepperson/gumstix/yocto/build/tmp/sysroots/x86_64-linux/var --libdir=/home/tepperson/gumstix/yocto/build/tmp/sysroots/x86_64-linux/usr/lib --includedir=/home/tepperson/gumstix/yocto/build/tmp/sysroots/x86_64-linux/usr/include --oldincludedir=/home/tepperson/gumstix/yocto/build/tmp/sysroots/x86_64-linux/usr/include --infodir=/home/tepperson/gumstix/yocto/build/tmp/sysroots/x86_64-linux/usr/share/info --mandir=/home/tepperson/gumstix/yocto/build/tmp/sysroots/x86_64-linux/usr/share/man --disable-silent-rules --disable-dependency-tracking --disable-static

## --------- ##
## Platform. ##
## --------- ##

hostname = tepperson-VirtualBox
uname -m = x86_64
uname -r = 4.4.0-133-generic
uname -s = Linux
uname -v = #159~14.04.1-Ubuntu SMP Fri Aug 10 08:17:48 UTC 2018

/usr/bin/uname -p = unknown
/bin/uname -X     = unknown

/bin/arch              = unknown
/usr/bin/arch -k       = unknown
/usr/convex/getsysinfo = unknown
/usr/bin/hostinfo      = unknown
/bin/machine           = unknown
/usr/bin/oslevel       = unknown
/bin/universe          = unknown

PATH: /home/tepperson/gumstix/yocto/poky/scripts/native-intercept
PATH: /home/tepperson/gumstix/yocto/build/tmp/sysroots-uninative/x86_64-linux/usr/bin
PATH: /home/tepperson/gumstix/yocto/poky/scripts
PATH: /home/tepperson/gumstix/yocto/build/tmp/sysroots/x86_64-linux/usr/bin/x86_64-linux
PATH: /home/tepperson/gumstix/yocto/build/tmp/sysroots/x86_64-linux/usr/bin
PATH: /home/tepperson/gumstix/yocto/build/tmp/sysroots/x86_64-linux/usr/sbin
PATH: /home/tepperson/gumstix/yocto/build/tmp/sysroots/x86_64-linux/usr/bin
PATH: /home/tepperson/gumstix/yocto/build/tmp/sysroots/x86_64-linux/sbin
PATH: /home/tepperson/gumstix/yocto/build/tmp/sysroots/x86_64-linux/bin
PATH: /home/tepperson/gumstix/yocto/poky/scripts
PATH: /home/tepperson/gumstix/yocto/poky/bitbake/bin
PATH: /usr/local/sbin
PATH: /usr/local/bin
PATH: /usr/sbin
PATH: /usr/bin
PATH: /sbin
PATH: /bin
PATH: /usr/games
PATH: /usr/local/games


## ----------- ##
## Core tests. ##
## ----------- ##

configure:1697: loading site script /home/tepperson/gumstix/yocto/poky/meta/site/endian-little
| ac_cv_c_littleendian=${ac_cv_c_littleendian=yes}
| ac_cv_c_bigendian=${ac_cv_c_bigendian=no}
| 
| # libnet
| ac_cv_libnet_endianess=${ac_cv_libnet_endianess=lil}
| 
| # libmemcached
| ac_cv_c_endian=little
configure:1697: loading site script /home/tepperson/gumstix/yocto/poky/meta/site/common-linux
| # gettext - these add sleep delays otherwise
| gl_cv_func_sleep_works=${gl_cv_func_sleep_works=yes}
| gl_cv_header_working_fcntl_h=${gl_cv_header_working_fcntl_h=yes}
| 
| # apr
| ac_cv_file__dev_zero=${ac_cv_file__dev_zero=yes}
| ac_cv_sizeof_pid_t=${ac_cv_sizeof_pid_t=4}
| ac_cv_func_pthread_key_delete=${ac_cv_func_pthread_key_delete=yes}
| apr_cv_tcp_nodelay_with_cork=${apr_cv_tcp_nodelay_with_cork=yes}
| apr_cv_process_shared_works=${apr_cv_process_shared_works=no}
| 
| # samba
| samba_cv_HAVE_IFACE_AIX=${samba_cv_HAVE_IFACE_AIX=no}
| samba_cv_HAVE_IFACE_IFCONF=${samba_cv_HAVE_IFACE_IFCONF=yes}
| samba_cv_HAVE_IFACE_IFREQ=${samba_cv_HAVE_IFACE_IFREQ=yes}
| samba_cv_HAVE_IRIX_SPECIFIC_CAPABILITIES=${samba_cv_HAVE_IRIX_SPECIFIC_CAPABILITIES=no}
| 
| # db
| db_cv_path_ar=${db_cv_path_ar=/usr/bin/ar}
| db_cv_path_chmod=${db_cv_path_chmod=/bin/chmod}
| db_cv_path_cp=${db_cv_path_cp=/bin/cp}
| db_cv_path_ln=${db_cv_path_ln=/bin/ln}
| db_cv_path_mkdir=${db_cv_path_mkdir=/bin/mkdir}
| db_cv_path_ranlib=${db_cv_path_ranlib=/usr/bin/ranlib}
| db_cv_path_rm=${db_cv_path_rm=/bin/rm}
| db_cv_path_sh=${db_cv_path_sh=/bin/sh}
| db_cv_path_strip=${db_cv_path_strip=/usr/bin/strip}
| 
| # bash
| bash_cv_have_mbstate_t=${bash_cv_have_mbstate_t=yes}
| bash_cv_must_reinstall_sighandlers=${bash_cv_must_reinstall_sighandlers=no}
| bash_cv_func_strcoll_broken=${bash_cv_func_strcoll_broken=no}
| bash_cv_dup2_broken=${bash_cv_dup2_broken=no}
| bash_cv_opendir_not_robust=${bash_cv_opendir_not_robust=no}
| bash_cv_type_rlimit=${bash_cv_type_rlimit=rlim_t}
| bash_cv_getenv_redef=${bash_cv_getenv_redef=yes}
| bash_cv_ulimit_maxfds=${bash_cv_ulimit_maxfds=yes}
| bash_cv_getcwd_calls_popen=${bash_cv_getcwd_calls_popen=no}
| bash_cv_printf_a_format=${bash_cv_printf_a_format=yes}
| bash_cv_pgrp_pipe=${bash_cv_pgrp_pipe=no}
| bash_cv_job_control_missing=${bash_cv_job_control_missing=present}
| bash_cv_sys_named_pipes=${bash_cv_sys_named_pipes=present}
| bash_cv_unusable_rtsigs=${bash_cv_unusable_rtsigs=no}
| 
| # ccache
| hw_cv_func_snprintf_c99=${hw_cv_func_snprintf_c99=yes}
| hw_cv_func_vsnprintf_c99=${hw_cv_func_vsnprintf_c99=yes}
| 
| # coreutils
| gl_cv_func_fstatat_zero_flag=${gl_cv_func_fstatat_zero_flag=yes}
| 
| # mysql
| ac_cv_sys_restartable_syscalls=${ac_cv_sys_restartable_syscalls=yes}
| ac_cv_conv_longlong_to_float=${ac_cv_conv_longlong_to_float=yes}
| 
| # TCL
| tcl_cv_api_serial=${tcl_cv_api_serial=termios}
| 
| # python
| ac_cv_have_long_long_format=yes
| 
| # apache
| ac_cv_o_nonblock_inherited=${ac_cv_o_nonblock_inherited=no}
configure:1697: loading site script /home/tepperson/gumstix/yocto/poky/meta/site/common-glibc
| # general
| ac_cv_have_decl_sys_siglist=${ac_cv_have_decl_sys_siglist=yes}
| ac_cv_func_realloc_works=${ac_cv_func_realloc_works=yes}
| ac_cv_func_realloc_0_nonnull=${ac_cv_func_realloc_0_nonnull=yes}
| ac_cv_func_malloc_works=${ac_cv_func_malloc_works=yes}
| ac_cv_func_malloc_0_nonnull=${ac_cv_func_malloc_0_nonnull=yes}
| ac_cv_func_memcmp_working=${ac_cv_func_memcmp_working=yes}
| ac_cv_func_getpgrp_void=yes
| ac_cv_func_setpgrp_void=yes
| ac_cv_func_setgrent_void=yes
| ac_cv_func_getgrgid_r=${ac_cv_func_getgrgid_r=yes}
| ac_cv_func_getpwuid_r=${ac_cv_func_getpwuid_r=yes}
| ac_cv_func_posix_getpwuid_r=${ac_cv_func_posix_getpwuid_r=yes}
| ac_cv_func_posix_getgrgid_r=${ac_cv_func_posix_getgrgid_r=yes}
| ac_cv_type_uid_t={ac_cv_type_uid_t=yes}
| ac_cv_func_getaddrinfo=${ac_cv_func_getaddrinfo=yes}
| 
| # bash
| bash_cv_under_sys_siglist=${bash_cv_under_sys_siglist=yes}
| bash_cv_sys_siglist=${bash_cv_sys_siglist=yes}
| bash_cv_getcwd_malloc=${bash_cv_getcwd_malloc=yes}
| 
| # clamav
| clamav_av_func_working_snprintf_long=${clamav_av_func_working_snprintf_long=yes}
| clamav_av_have_in_port_t=${clamav_av_have_in_port_t=yes}
| clamav_av_have_in_addr_t=${clamav_av_have_in_addr_t=yes}
| ac_cv_func_mmap_fixed_mapped=${ac_cv_func_mmap_fixed_mapped=yes}
| 
| # coreutils
| fu_cv_sys_stat_statfs2_bsize=${fu_cv_sys_stat_statfs2_bsize=yes}
| 
| # glib
| glib_cv_strlcpy=${glib_cv_strlcpy=no}
| ac_cv_func_printf_unix98=${ac_cv_func_printf_unix98=yes}
| ac_cv_func_snprintf_c99=${ac_cv_func_snprintf_c99=yes}
| ac_cv_func_vsnprintf_c99=${ac_cv_func_vsnprintf_c99=yes}
| glib_cv_compliant_posix_memalign=${glib_cv_compliant_posix_memalign=1}
| glib_cv_long_long_format=${glib_cv_long_long_format=ll}
| # glib-1.x requires this and pkgconfig-native / pkgconfig-nativesdk use
| # that to avoid a dependency loop.
| glib_cv___va_copy=${glib_cv___va_copy=yes}
| glib_cv_va_copy=${glib_cv_va_copy=yes}
| glib_cv_have_qsort_r=${glib_cv_have_qsort_r=yes}
| 
| #dbus-glib
| ac_cv_have_abstract_sockets=${ac_cv_have_abstract_sockets=yes}
| 
| # gnucash
| am_cv_scanf_lld=${am_cv_scanf_lld=yes}
| 
| # guile
| ac_cv_func_pthread_attr_getstack=${ac_cv_func_pthread_attr_getstack=yes}
| 
| #gcc-zlib
| ac_cv_func_getpagesize=${ac_cv_func_getpagesize=yes}
| ac_cv_func_memcpy=${ac_cv_func_memcpy=yes}
| ac_cv_func_strerror=${ac_cv_func_strerror=yes}
| 
| # squid
| ac_cv_af_unix_large_dgram=${ac_cv_af_unix_large_dgram=yes}
| ac_cv_func_setresuid=${ac_cv_func_setresuid=yes}
| ac_cv_func_va_copy=${ac_cv_func_va_copy=yes}
| ac_cv_func___va_copy=${ac_cv_func___va_copy=yes}
| ac_cv_epoll_works=${ac_cv_epoll_works=yes}
| 
| ac_cv_check_sjlj=ssjlj
| 
| # m4
| gt_cv_locale_fr=${gt_cv_locale_fr=fr_FR}
| gl_cv_func_btowc_eof=${gl_cv_func_btowc_eof=yes}
| gl_cv_func_wcrtomb_retval=${gl_cv_func_wcrtomb_retval=yes}
| gl_cv_func_wctob_works=${gl_cv_func_wctob_works=yes}
| gl_cv_func_mbrtowc_incomplete_state=${gl_cv_func_mbrtowc_incomplete_state=yes}
| gl_cv_func_mbrtowc_sanitycheck=${gl_cv_func_mbrtowc_sanitycheck=yes}
| gl_cv_func_mbrtowc_null_arg=${gl_cv_func_mbrtowc_null_arg=yes}
| gl_cv_func_mbrtowc_retval=${gl_cv_func_mbrtowc_retval=yes}
| gl_cv_func_mbrtowc_nul_retval=${gl_cv_func_mbrtowc_nul_retval=yes}
| 
| # va_copy and _va_copy
| ac_cv_va_copy=${ac_cv_va_copy=yes}
| ac_cv___va_copy=${ac_cv___va_copy=yes}
| ac_cv_func_va_copy=${ac_cv_func_va_copy=yes}
| ac_cv_func___va_copy=${ac_cv_func___va_copy=yes}
| 
| # Xorg
| xorg_cv_malloc0_returns_null=${xorg_cv_malloc0_returns_null=yes}
configure:1697: loading site script /home/tepperson/gumstix/yocto/poky/meta/site/x86_64-linux
| # general
| ac_cv_va_val_copy=${ac_cv_va_val_copy=no}
| ac_cv_func_lstat_dereferences_slashed_symlink=${ac_cv_func_lstat_dereferences_slashed_symlink=yes}
| ac_cv_func_lstat_empty_string_bug=${ac_cv_func_lstat_empty_string_bug=no}
| ac_cv_func_posix_getpwnam_r=${ac_cv_func_posix_getpwnam_r=yes}
| ac_cv_func_setvbuf_reversed=${ac_cv_func_setvbuf_reversed=no}
| ac_cv_func_stat_empty_string_bug=${ac_cv_func_stat_empty_string_bug=no}
| ac_cv_func_stat_ignores_trailing_slash=${ac_cv_func_stat_ignores_trailing_slash=no}
| ac_libnet_have_packet_socket=${ac_libnet_have_packet_socket=yes}
| ac_cv_linux_vers=${ac_cv_linux_vers=2}
| ac_cv_need_trio=${ac_cv_need_trio=no}
| ac_cv_sizeof_char=${ac_cv_sizeof_char=1}
| ac_cv_sizeof_int=${ac_cv_sizeof_int=4}
| ac_cv_sizeof_unsigned_int=${ac_cv_sizeof_unsigned_int=4}
| ac_cv_sizeof___int64=${ac_cv_sizeof___int64=0}
| ac_cv_sizeof_long=${ac_cv_sizeof_long=8}
| ac_cv_sizeof_unsigned_long=${ac_cv_sizeof_unsigned_long=8}
| ac_cv_sizeof_long_double=${ac_cv_sizeof_long_double=16}
| ac_cv_sizeof_long_int=${ac_cv_sizeof_long_int=8}
| ac_cv_sizeof_long_long=${ac_cv_sizeof_long_long=8}
| ac_cv_sizeof_short=${ac_cv_sizeof_short=2}
| ac_cv_sizeof_unsigned_short=${ac_cv_sizeof_unsigned_short=2}
| ac_cv_sizeof_short_int=${ac_cv_sizeof_short_int=2}
| ac_cv_sizeof_size_t=${ac_cv_sizeof_size_t=8}
| ac_cv_sizeof_uid_t=${ac_cv_sizeof_uid_t=4}
| ac_cv_sizeof_gid_t=${ac_cv_sizeof_gid_t=4}
| ac_cv_sizeof_ino_t=${ac_cv_sizeof_ino_t=8}
| ac_cv_sizeof_dev_t=${ac_cv_sizeof_dev_t=8}
| ac_cv_sizeof_void_p=${ac_cv_sizeof_void_p=8}
| ac_cv_strerror_r_SUSv3=${ac_cv_strerror_r_SUSv3=no}
| db_cv_alignp_t=${db_cv_alignp_t='unsigned long long'}
| db_cv_align_t=${db_cv_align_t='unsigned long long'}
| db_cv_fcntl_f_setfd=${db_cv_fcntl_f_setfd=yes}
| db_cv_sprintf_count=${db_cv_sprintf_count=yes}
| 
| # glib
| glib_cv_hasinline=${glib_cv_hasinline=yes}
| glib_cv_has__inline=${glib_cv_has__inline=yes}
| glib_cv_has__inline__=${glib_cv_has__inline__=yes}
| glib_cv_long_long_format=${glib_cv_long_long_format=ll}
| glib_cv_rtldglobal_broken=${glib_cv_rtldglobal_broken=yes}
| glib_cv_sane_realloc=${glib_cv_sane_realloc=yes}
| glib_cv_sizeof_gmutex=${glib_cv_sizeof_gmutex=40}
| glib_cv_sizeof_intmax_t=${glib_cv_sizeof_intmax_t=8}
| glib_cv_sizeof_ptrdiff_t=${glib_cv_sizeof_ptrdiff_t=8}
| glib_cv_sizeof_size_t=${glib_cv_sizeof_size_t=8}
| glib_cv_sizeof_system_thread=${glib_cv_sizeof_system_thread=8}
| glib_cv_stack_grows=${glib_cv_stack_grows=no}
| glib_cv_sys_pthread_cond_timedwait_posix=${glib_cv_sys_pthread_cond_timedwait_posix=yes}
| glib_cv_sys_pthread_getspecific_posix=${glib_cv_sys_pthread_getspecific_posix=yes}
| glib_cv_sys_pthread_mutex_trylock_posix=${glib_cv_sys_pthread_mutex_trylock_posix=yes}
| glib_cv_uscore=${glib_cv_uscore=no}
| glib_cv_va_val_copy=${glib_cv_va_val_copy=no}
| ac_cv_alignof_guint32=4
| ac_cv_alignof_guint64=8
| ac_cv_alignof_unsigned_long=8
| 
| nano_cv_func_regexec_segv_emptystr=${nano_cv_func_regexec_segv_emptystr=no}
| samba_cv_HAVE_VA_COPY=${samba_cv_HAVE_VA_COPY=yes}
| screen_cv_sys_bcopy_overlap=${screen_cv_sys_bcopy_overlap=no}
| screen_cv_sys_fifo_broken_impl=${screen_cv_sys_fifo_broken_impl=yes}
| screen_cv_sys_fifo_usable=${screen_cv_sys_fifo_usable=yes}
| screen_cv_sys_memcpy_overlap=${screen_cv_sys_memcpy_overlap=no}
| screen_cv_sys_memmove_overlap=${screen_cv_sys_memmove_overlap=no}
| screen_cv_sys_select_broken_retval=${screen_cv_sys_select_broken_retval=no}
| screen_cv_sys_sockets_nofs=${screen_cv_sys_sockets_nofs=no}
| screen_cv_sys_sockets_usable=${screen_cv_sys_sockets_usable=yes}
| screen_cv_sys_terminfo_used=${screen_cv_sys_terminfo_used=yes}
| utils_cv_sys_open_max=${utils_cv_sys_open_max=1015}
| 
| # gettext
| am_cv_func_working_getline=${am_cv_func_working_getline=yes}
| 
| #gcc
| ac_cv_lib_m_sin=${ac_cv_lib_m_sin=yes}
| 
| #orbit
| libIDL_cv_long_long_format=ll
| 
| # bash
| bash_cv_func_sigsetjmp=${bash_cv_func_sigsetjmp=present}
| 
| # ORBit2
| ac_cv_alignof_CORBA_boolean=1
| ac_cv_alignof_CORBA_char=1
| ac_cv_alignof_CORBA_double=8
| ac_cv_alignof_CORBA_float=4
| ac_cv_alignof_CORBA_long=4
| ac_cv_alignof_CORBA_long_double=8
| ac_cv_alignof_CORBA_long_long=8
| ac_cv_alignof_CORBA_octet=1
| ac_cv_alignof_CORBA_pointer=8
| ac_cv_alignof_CORBA_short=2
| ac_cv_alignof_CORBA_struct=1
| ac_cv_alignof_CORBA_wchar=2
| 
| lf_cv_sane_realloc=yes
| as_cv_unaligned_access=${as_cv_unaligned_access=yes}
| 
| #unfs3
| nfsd_cv_broken_setfsuid=${nfsd_cv_broken_setfsuid=0}
| nfsd_cv_func_statfs=${nfsd_cv_func_statfs=statfs2_bsize}
| nfsd_cv_bsd_signals=${nfsd_cv_bsd_signals=yes}
| 
| #apr
| apr_cv_tcp_nodelay_with_cork=${apr_cv_tcp_nodelay_with_cork=yes}
| 
| # lftp
| lftp_cv_va_val_copy=${lftp_cv_va_val_copy=no}
| 
| # slrn
| slrn_cv_va_val_copy=${slrn_cv_va_val_copy=no}
| 
| # grub
| ac_cv_func___ashldi3=no
| ac_cv_func___ashrdi3=no
| ac_cv_func___bswapdi2=no
| ac_cv_func___bswapsi2=no
| ac_cv_func___lshrdi3=no
| ac_cv_func___trampoline_setup=no
| ac_cv_func___ucmpdi2=no
| ac_cv_func__restgpr_14_x=no
| 
| # cvs
| cvs_cv_func_printf_ptr=${cvs_cv_func_printf_ptr=yes}
| 
| # at-spi2-core
| ac_cv_alignof_char=1
| ac_cv_alignof_dbind_pointer=8
| ac_cv_alignof_dbind_struct=1
| ac_cv_alignof_dbus_bool_t=4
| ac_cv_alignof_dbus_int16_t=2
| ac_cv_alignof_dbus_int32_t=4
| ac_cv_alignof_dbus_int64_t=8
| ac_cv_alignof_double=8
configure:1697: loading site script /home/tepperson/gumstix/yocto/poky/meta/site/common
| # libelf
| mr_cv_target_elf=${mr_cv_target_elf=yes}
| 
| # Normally kernels have /dev/random enabled
| ac_cv_file__dev_random=${ac_cv_file__dev_random=yes}
| 
| # Avoid sudo to assume void for unsetenv in cross environment, or else it conflicts with
| # target stdlib.h prototype which follows POSIX compiliance. Mark for upstream.
| sudo_cv_func_unsetenv_void=no
| 
| # shadow dir info, to avoid searching build system
| shadow_cv_maildir=${localstatedir}/spool/mail
| shadow_cv_mailfile=Mailbox
| shadow_cv_utmpdir=${localstatedir}/run
| shadow_cv_logdir=${localstatedir}/log
| shadow_cv_passwd_dir=${bindir}
| 
| # python: deactivate a runtime check for ipv6-support in python >=2.7.1 that fails when cross-compiling
| ac_cv_buggy_getaddrinfo=no
| 
| ac_cv_path_SED=sed
configure:1697: loading site script /home/tepperson/gumstix/yocto/poky/meta-openembedded/meta-gnome/site/x86_64-linux
| # ORBit2
| ac_cv_alignof_CORBA_boolean=1
| ac_cv_alignof_CORBA_char=1
| ac_cv_alignof_CORBA_double=8
| ac_cv_alignof_CORBA_float=4
| ac_cv_alignof_CORBA_long=4
| ac_cv_alignof_CORBA_long_double=8
| ac_cv_alignof_CORBA_long_long=8
| ac_cv_alignof_CORBA_octet=1
| ac_cv_alignof_CORBA_pointer=8
| ac_cv_alignof_CORBA_short=2
| ac_cv_alignof_CORBA_struct=1
| ac_cv_alignof_CORBA_wchar=2
| 
| lf_cv_sane_realloc=yes
| as_cv_unaligned_access=${as_cv_unaligned_access=yes}
| 
configure:1697: loading site script /home/tepperson/gumstix/yocto/poky/meta-openembedded/meta-oe/site/endian-little
| # rp-pppoe
| rpppoe_cv_pack_bitfields=${rpppoe_cv_pack_bitfields=rev}
configure:1838: checking for a BSD-compatible install
configure:1906: result: /usr/bin/install -c
configure:1917: checking whether build environment is sane
configure:1932: result: yes
configure:2074: checking for a thread-safe mkdir -p
configure:2113: result: /bin/mkdir -p
configure:2120: checking for gawk
configure:2136: found /usr/bin/gawk
configure:2147: result: gawk
configure:2158: checking whether make sets $(MAKE)
configure:2180: result: yes
configure:2209: checking whether make supports nested variables
configure:2226: result: yes
configure:2365: checking for style of include used by make
configure:2393: result: GNU
configure:2424: checking for x86_64-linux-gcc
configure:2451: result: gcc 
configure:2720: checking for C compiler version
configure:2729: gcc  --version >&5
gcc (Ubuntu 4.8.4-2ubuntu1~14.04.4) 4.8.4
Copyright (C) 2013 Free Software Foundation, Inc.
This is free software; see the source for copying conditions.  There is NO
warranty; not even for MERCHANTABILITY or FITNESS FOR A PARTICULAR PURPOSE.

configure:2740: $? = 0
configure:2729: gcc  -v >&5
Using built-in specs.
COLLECT_GCC=gcc
COLLECT_LTO_WRAPPER=/usr/lib/gcc/x86_64-linux-gnu/4.8/lto-wrapper
Target: x86_64-linux-gnu
Configured with: ../src/configure -v --with-pkgversion='Ubuntu 4.8.4-2ubuntu1~14.04.4' --with-bugurl=file:///usr/share/doc/gcc-4.8/README.Bugs --enable-languages=c,c++,java,go,d,fortran,objc,obj-c++ --prefix=/usr --program-suffix=-4.8 --enable-shared --enable-linker-build-id --libexecdir=/usr/lib --without-included-gettext --enable-threads=posix --with-gxx-include-dir=/usr/include/c++/4.8 --libdir=/usr/lib --enable-nls --with-sysroot=/ --enable-clocale=gnu --enable-libstdcxx-debug --enable-libstdcxx-time=yes --enable-gnu-unique-object --disable-libmudflap --enable-plugin --with-system-zlib --disable-browser-plugin --enable-java-awt=gtk --enable-gtk-cairo --with-java-home=/usr/lib/jvm/java-1.5.0-gcj-4.8-amd64/jre --enable-java-home --with-jvm-root-dir=/usr/lib/jvm/java-1.5.0-gcj-4.8-amd64 --with-jvm-jar-dir=/usr/lib/jvm-exports/java-1.5.0-gcj-4.8-amd64 --with-arch-directory=amd64 --with-ecj-jar=/usr/share/java/eclipse-ecj.jar --enable-objc-gc --enable-multiarch --disable-werror --with-arch-32=i686 --with-abi=m64 --with-multilib-list=m32,m64,mx32 --with-tune=generic --enable-checking=release --build=x86_64-linux-gnu --host=x86_64-linux-gnu --target=x86_64-linux-gnu
Thread model: posix
gcc version 4.8.4 (Ubuntu 4.8.4-2ubuntu1~14.04.4) 
configure:2740: $? = 0
configure:2729: gcc  -V >&5
gcc: error: unrecognized command line option '-V'
gcc: fatal error: no input files
compilation terminated.
configure:2740: $? = 4
configure:2729: gcc  -qversion >&5
gcc: error: unrecognized command line option '-qversion'
gcc: fatal error: no input files
compilation terminated.
configure:2740: $? = 4
configure:2760: checking whether the C compiler works
configure:2782: gcc  -isystem/home/tepperson/gumstix/yocto/build/tmp/sysroots/x86_64-linux/usr/include -O2 -pipe -isystem/home/tepperson/gumstix/yocto/build/tmp/sysroots/x86_64-linux/usr/include -L/home/tepperson/gumstix/yocto/build/tmp/sysroots/x86_64-linux/usr/lib -L/home/tepperson/gumstix/yocto/build/tmp/sysroots/x86_64-linux/lib -Wl,-rpath-link,/home/tepperson/gumstix/yocto/build/tmp/sysroots/x86_64-linux/usr/lib -Wl,-rpath-link,/home/tepperson/gumstix/yocto/build/tmp/sysroots/x86_64-linux/lib -Wl,-rpath,/home/tepperson/gumstix/yocto/build/tmp/sysroots/x86_64-linux/usr/lib -Wl,-rpath,/home/tepperson/gumstix/yocto/build/tmp/sysroots/x86_64-linux/lib -Wl,-O1 conftest.c  >&5
configure:2786: $? = 0
configure:2834: result: yes
configure:2837: checking for C compiler default output file name
configure:2839: result: a.out
configure:2845: checking for suffix of executables
configure:2852: gcc  -o conftest -isystem/home/tepperson/gumstix/yocto/build/tmp/sysroots/x86_64-linux/usr/include -O2 -pipe -isystem/home/tepperson/gumstix/yocto/build/tmp/sysroots/x86_64-linux/usr/include -L/home/tepperson/gumstix/yocto/build/tmp/sysroots/x86_64-linux/usr/lib -L/home/tepperson/gumstix/yocto/build/tmp/sysroots/x86_64-linux/lib -Wl,-rpath-link,/home/tepperson/gumstix/yocto/build/tmp/sysroots/x86_64-linux/usr/lib -Wl,-rpath-link,/home/tepperson/gumstix/yocto/build/tmp/sysroots/x86_64-linux/lib -Wl,-rpath,/home/tepperson/gumstix/yocto/build/tmp/sysroots/x86_64-linux/usr/lib -Wl,-rpath,/home/tepperson/gumstix/yocto/build/tmp/sysroots/x86_64-linux/lib -Wl,-O1 conftest.c  >&5
configure:2856: $? = 0
configure:2878: result: 
configure:2900: checking whether we are cross compiling
configure:2908: gcc  -o conftest -isystem/home/tepperson/gumstix/yocto/build/tmp/sysroots/x86_64-linux/usr/include -O2 -pipe -isystem/home/tepperson/gumstix/yocto/build/tmp/sysroots/x86_64-linux/usr/include -L/home/tepperson/gumstix/yocto/build/tmp/sysroots/x86_64-linux/usr/lib -L/home/tepperson/gumstix/yocto/build/tmp/sysroots/x86_64-linux/lib -Wl,-rpath-link,/home/tepperson/gumstix/yocto/build/tmp/sysroots/x86_64-linux/usr/lib -Wl,-rpath-link,/home/tepperson/gumstix/yocto/build/tmp/sysroots/x86_64-linux/lib -Wl,-rpath,/home/tepperson/gumstix/yocto/build/tmp/sysroots/x86_64-linux/usr/lib -Wl,-rpath,/home/tepperson/gumstix/yocto/build/tmp/sysroots/x86_64-linux/lib -Wl,-O1 conftest.c  >&5
configure:2912: $? = 0
configure:2919: ./conftest
configure:2923: $? = 0
configure:2938: result: no
configure:2943: checking for suffix of object files
configure:2965: gcc  -c -isystem/home/tepperson/gumstix/yocto/build/tmp/sysroots/x86_64-linux/usr/include -O2 -pipe -isystem/home/tepperson/gumstix/yocto/build/tmp/sysroots/x86_64-linux/usr/include conftest.c >&5
configure:2969: $? = 0
configure:2990: result: o
configure:2994: checking whether we are using the GNU C compiler
configure:3013: gcc  -c -isystem/home/tepperson/gumstix/yocto/build/tmp/sysroots/x86_64-linux/usr/include -O2 -pipe -isystem/home/tepperson/gumstix/yocto/build/tmp/sysroots/x86_64-linux/usr/include conftest.c >&5
configure:3013: $? = 0
configure:3022: result: yes
configure:3031: checking whether gcc  accepts -g
configure:3051: gcc  -c -g -isystem/home/tepperson/gumstix/yocto/build/tmp/sysroots/x86_64-linux/usr/include conftest.c >&5
configure:3051: $? = 0
configure:3092: result: yes
configure:3109: checking for gcc  option to accept ISO C89
configure:3172: gcc   -c -isystem/home/tepperson/gumstix/yocto/build/tmp/sysroots/x86_64-linux/usr/include -O2 -pipe -isystem/home/tepperson/gumstix/yocto/build/tmp/sysroots/x86_64-linux/usr/include conftest.c >&5
configure:3172: $? = 0
configure:3185: result: none needed
configure:3210: checking whether gcc  understands -c and -o together
configure:3232: gcc  -c conftest.c -o conftest2.o
configure:3235: $? = 0
configure:3232: gcc  -c conftest.c -o conftest2.o
configure:3235: $? = 0
configure:3247: result: yes
configure:3266: checking dependency style of gcc 
configure:3377: result: none
configure:3393: checking for main in -lAwsIotSdk
configure:3412: gcc  -o conftest -isystem/home/tepperson/gumstix/yocto/build/tmp/sysroots/x86_64-linux/usr/include -O2 -pipe -isystem/home/tepperson/gumstix/yocto/build/tmp/sysroots/x86_64-linux/usr/include -L/home/tepperson/gumstix/yocto/build/tmp/sysroots/x86_64-linux/usr/lib -L/home/tepperson/gumstix/yocto/build/tmp/sysroots/x86_64-linux/lib -Wl,-rpath-link,/home/tepperson/gumstix/yocto/build/tmp/sysroots/x86_64-linux/usr/lib -Wl,-rpath-link,/home/tepperson/gumstix/yocto/build/tmp/sysroots/x86_64-linux/lib -Wl,-rpath,/home/tepperson/gumstix/yocto/build/tmp/sysroots/x86_64-linux/usr/lib -Wl,-rpath,/home/tepperson/gumstix/yocto/build/tmp/sysroots/x86_64-linux/lib -Wl,-O1 conftest.c -lAwsIotSdk   >&5
configure:3412: $? = 0
configure:3421: result: yes
configure:3445: checking for x86_64-linux-gcc
configure:3472: result: gcc 
configure:3741: checking for C compiler version
configure:3750: gcc  --version >&5
gcc (Ubuntu 4.8.4-2ubuntu1~14.04.4) 4.8.4
Copyright (C) 2013 Free Software Foundation, Inc.
This is free software; see the source for copying conditions.  There is NO
warranty; not even for MERCHANTABILITY or FITNESS FOR A PARTICULAR PURPOSE.

configure:3761: $? = 0
configure:3750: gcc  -v >&5
Using built-in specs.
COLLECT_GCC=gcc
COLLECT_LTO_WRAPPER=/usr/lib/gcc/x86_64-linux-gnu/4.8/lto-wrapper
Target: x86_64-linux-gnu
Configured with: ../src/configure -v --with-pkgversion='Ubuntu 4.8.4-2ubuntu1~14.04.4' --with-bugurl=file:///usr/share/doc/gcc-4.8/README.Bugs --enable-languages=c,c++,java,go,d,fortran,objc,obj-c++ --prefix=/usr --program-suffix=-4.8 --enable-shared --enable-linker-build-id --libexecdir=/usr/lib --without-included-gettext --enable-threads=posix --with-gxx-include-dir=/usr/include/c++/4.8 --libdir=/usr/lib --enable-nls --with-sysroot=/ --enable-clocale=gnu --enable-libstdcxx-debug --enable-libstdcxx-time=yes --enable-gnu-unique-object --disable-libmudflap --enable-plugin --with-system-zlib --disable-browser-plugin --enable-java-awt=gtk --enable-gtk-cairo --with-java-home=/usr/lib/jvm/java-1.5.0-gcj-4.8-amd64/jre --enable-java-home --with-jvm-root-dir=/usr/lib/jvm/java-1.5.0-gcj-4.8-amd64 --with-jvm-jar-dir=/usr/lib/jvm-exports/java-1.5.0-gcj-4.8-amd64 --with-arch-directory=amd64 --with-ecj-jar=/usr/share/java/eclipse-ecj.jar --enable-objc-gc --enable-multiarch --disable-werror --with-arch-32=i686 --with-abi=m64 --with-multilib-list=m32,m64,mx32 --with-tune=generic --enable-checking=release --build=x86_64-linux-gnu --host=x86_64-linux-gnu --target=x86_64-linux-gnu
Thread model: posix
gcc version 4.8.4 (Ubuntu 4.8.4-2ubuntu1~14.04.4) 
configure:3761: $? = 0
configure:3750: gcc  -V >&5
gcc: error: unrecognized command line option '-V'
gcc: fatal error: no input files
compilation terminated.
configure:3761: $? = 4
configure:3750: gcc  -qversion >&5
gcc: error: unrecognized command line option '-qversion'
gcc: fatal error: no input files
compilation terminated.
configure:3761: $? = 4
configure:3765: checking whether we are using the GNU C compiler
configure:3793: result: yes
configure:3802: checking whether gcc  accepts -g
configure:3863: result: yes
configure:3880: checking for gcc  option to accept ISO C89
configure:3956: result: none needed
configure:3981: checking whether gcc  understands -c and -o together
configure:4018: result: yes
configure:4037: checking dependency style of gcc 
configure:4148: result: none
configure:4335: creating ./config.status

## ---------------------- ##
## Running config.status. ##
## ---------------------- ##

This file was extended by aws-progs config.status 0.1, which was
generated by GNU Autoconf 2.69.  Invocation command line was

  CONFIG_FILES    = 
  CONFIG_HEADERS  = 
  CONFIG_LINKS    = 
  CONFIG_COMMANDS = 
  $ ./config.status 

on tepperson-VirtualBox

config.status:743: creating Makefile
config.status:915: executing depfiles commands
configure:5428: WARNING: unrecognized options: --disable-static

## ---------------- ##
## Cache variables. ##
## ---------------- ##

ac_cv___va_copy=yes
ac_cv_af_unix_large_dgram=yes
ac_cv_alignof_CORBA_boolean=1
ac_cv_alignof_CORBA_char=1
ac_cv_alignof_CORBA_double=8
ac_cv_alignof_CORBA_float=4
ac_cv_alignof_CORBA_long=4
ac_cv_alignof_CORBA_long_double=8
ac_cv_alignof_CORBA_long_long=8
ac_cv_alignof_CORBA_octet=1
ac_cv_alignof_CORBA_pointer=8
ac_cv_alignof_CORBA_short=2
ac_cv_alignof_CORBA_struct=1
ac_cv_alignof_CORBA_wchar=2
ac_cv_alignof_char=1
ac_cv_alignof_dbind_pointer=8
ac_cv_alignof_dbind_struct=1
ac_cv_alignof_dbus_bool_t=4
ac_cv_alignof_dbus_int16_t=2
ac_cv_alignof_dbus_int32_t=4
ac_cv_alignof_dbus_int64_t=8
ac_cv_alignof_double=8
ac_cv_alignof_guint32=4
ac_cv_alignof_guint64=8
ac_cv_alignof_unsigned_long=8
ac_cv_buggy_getaddrinfo=no
ac_cv_c_bigendian=no
ac_cv_c_compiler_gnu=yes
ac_cv_c_endian=little
ac_cv_c_littleendian=yes
ac_cv_check_sjlj=ssjlj
ac_cv_conv_longlong_to_float=yes
ac_cv_env_CC_set=set
ac_cv_env_CC_value='gcc '
ac_cv_env_CFLAGS_set=set
ac_cv_env_CFLAGS_value='-isystem/home/tepperson/gumstix/yocto/build/tmp/sysroots/x86_64-linux/usr/include -O2 -pipe'
ac_cv_env_CPPFLAGS_set=set
ac_cv_env_CPPFLAGS_value=-isystem/home/tepperson/gumstix/yocto/build/tmp/sysroots/x86_64-linux/usr/include
ac_cv_env_LDFLAGS_set=set
ac_cv_env_LDFLAGS_value='-L/home/tepperson/gumstix/yocto/build/tmp/sysroots/x86_64-linux/usr/lib -L/home/tepperson/gumstix/yocto/build/tmp/sysroots/x86_64-linux/lib -Wl,-rpath-link,/home/tepperson/gumstix/yocto/build/tmp/sysroots/x86_64-linux/usr/lib -Wl,-rpath-link,/home/tepperson/gumstix/yocto/build/tmp/sysroots/x86_64-linux/lib -Wl,-rpath,/home/tepperson/gumstix/yocto/build/tmp/sysroots/x86_64-linux/usr/lib -Wl,-rpath,/home/tepperson/gumstix/yocto/build/tmp/sysroots/x86_64-linux/lib -Wl,-O1'
ac_cv_env_LIBS_set=
ac_cv_env_LIBS_value=
ac_cv_env_build_alias_set=set
ac_cv_env_build_alias_value=x86_64-linux
ac_cv_env_host_alias_set=set
ac_cv_env_host_alias_value=x86_64-linux
ac_cv_env_target_alias_set=set
ac_cv_env_target_alias_value=x86_64-linux
ac_cv_epoll_works=yes
ac_cv_file__dev_random=yes
ac_cv_file__dev_zero=yes
ac_cv_func___ashldi3=no
ac_cv_func___ashrdi3=no
ac_cv_func___bswapdi2=no
ac_cv_func___bswapsi2=no
ac_cv_func___lshrdi3=no
ac_cv_func___trampoline_setup=no
ac_cv_func___ucmpdi2=no
ac_cv_func___va_copy=yes
ac_cv_func__restgpr_14_x=no
ac_cv_func_getaddrinfo=yes
ac_cv_func_getgrgid_r=yes
ac_cv_func_getpagesize=yes
ac_cv_func_getpgrp_void=yes
ac_cv_func_getpwuid_r=yes
ac_cv_func_lstat_dereferences_slashed_symlink=yes
ac_cv_func_lstat_empty_string_bug=no
ac_cv_func_malloc_0_nonnull=yes
ac_cv_func_malloc_works=yes
ac_cv_func_memcmp_working=yes
ac_cv_func_memcpy=yes
ac_cv_func_mmap_fixed_mapped=yes
ac_cv_func_posix_getgrgid_r=yes
ac_cv_func_posix_getpwnam_r=yes
ac_cv_func_posix_getpwuid_r=yes
ac_cv_func_printf_unix98=yes
ac_cv_func_pthread_attr_getstack=yes
ac_cv_func_pthread_key_delete=yes
ac_cv_func_realloc_0_nonnull=yes
ac_cv_func_realloc_works=yes
ac_cv_func_setgrent_void=yes
ac_cv_func_setpgrp_void=yes
ac_cv_func_setresuid=yes
ac_cv_func_setvbuf_reversed=no
ac_cv_func_snprintf_c99=yes
ac_cv_func_stat_empty_string_bug=no
ac_cv_func_stat_ignores_trailing_slash=no
ac_cv_func_strerror=yes
ac_cv_func_va_copy=yes
ac_cv_func_vsnprintf_c99=yes
ac_cv_have_abstract_sockets=yes
ac_cv_have_decl_sys_siglist=yes
ac_cv_have_long_long_format=yes
ac_cv_lib_AwsIotSdk_main=yes
ac_cv_lib_m_sin=yes
ac_cv_libnet_endianess=lil
ac_cv_linux_vers=2
ac_cv_need_trio=no
ac_cv_o_nonblock_inherited=no
ac_cv_objext=o
ac_cv_path_SED=sed
ac_cv_path_install='/usr/bin/install -c'
ac_cv_path_mkdir=/bin/mkdir
ac_cv_prog_AWK=gawk
ac_cv_prog_CC='gcc '
ac_cv_prog_cc_c89=
ac_cv_prog_cc_g=yes
ac_cv_prog_make_make_set=yes
ac_cv_sizeof___int64=0
ac_cv_sizeof_char=1
ac_cv_sizeof_dev_t=8
ac_cv_sizeof_gid_t=4
ac_cv_sizeof_ino_t=8
ac_cv_sizeof_int=4
ac_cv_sizeof_long=8
ac_cv_sizeof_long_double=16
ac_cv_sizeof_long_int=8
ac_cv_sizeof_long_long=8
ac_cv_sizeof_pid_t=4
ac_cv_sizeof_short=2
ac_cv_sizeof_short_int=2
ac_cv_sizeof_size_t=8
ac_cv_sizeof_uid_t=4
ac_cv_sizeof_unsigned_int=4
ac_cv_sizeof_unsigned_long=8
ac_cv_sizeof_unsigned_short=2
ac_cv_sizeof_void_p=8
ac_cv_strerror_r_SUSv3=no
ac_cv_sys_restartable_syscalls=yes
ac_cv_type_uid_t='{ac_cv_type_uid_t=yes}'
ac_cv_va_copy=yes
ac_cv_va_val_copy=no
am_cv_CC_dependencies_compiler_type=none
am_cv_func_working_getline=yes
am_cv_make_support_nested_variables=yes
am_cv_prog_cc_c_o=yes
am_cv_scanf_lld=yes
apr_cv_process_shared_works=no
apr_cv_tcp_nodelay_with_cork=yes
as_cv_unaligned_access=yes
bash_cv_dup2_broken=no
bash_cv_func_sigsetjmp=present
bash_cv_func_strcoll_broken=no
bash_cv_getcwd_calls_popen=no
bash_cv_getcwd_malloc=yes
bash_cv_getenv_redef=yes
bash_cv_have_mbstate_t=yes
bash_cv_job_control_missing=present
bash_cv_must_reinstall_sighandlers=no
bash_cv_opendir_not_robust=no
bash_cv_pgrp_pipe=no
bash_cv_printf_a_format=yes
bash_cv_sys_named_pipes=present
bash_cv_sys_siglist=yes
bash_cv_type_rlimit=rlim_t
bash_cv_ulimit_maxfds=yes
bash_cv_under_sys_siglist=yes
bash_cv_unusable_rtsigs=no
cvs_cv_func_printf_ptr=yes
db_cv_align_t='unsigned long long'
db_cv_alignp_t='unsigned long long'
db_cv_fcntl_f_setfd=yes
db_cv_path_ar=/usr/bin/ar
db_cv_path_chmod=/bin/chmod
db_cv_path_cp=/bin/cp
db_cv_path_ln=/bin/ln
db_cv_path_mkdir=/bin/mkdir
db_cv_path_ranlib=/usr/bin/ranlib
db_cv_path_rm=/bin/rm
db_cv_path_sh=/bin/sh
db_cv_path_strip=/usr/bin/strip
db_cv_sprintf_count=yes
fu_cv_sys_stat_statfs2_bsize=yes
gl_cv_func_btowc_eof=yes
gl_cv_func_fstatat_zero_flag=yes
gl_cv_func_mbrtowc_incomplete_state=yes
gl_cv_func_mbrtowc_nul_retval=yes
gl_cv_func_mbrtowc_null_arg=yes
gl_cv_func_mbrtowc_retval=yes
gl_cv_func_mbrtowc_sanitycheck=yes
gl_cv_func_sleep_works=yes
gl_cv_func_wcrtomb_retval=yes
gl_cv_func_wctob_works=yes
gl_cv_header_working_fcntl_h=yes
glib_cv___va_copy=yes
glib_cv_compliant_posix_memalign=1
glib_cv_has__inline=yes
glib_cv_has__inline__=yes
glib_cv_hasinline=yes
glib_cv_have_qsort_r=yes
glib_cv_long_long_format=ll
glib_cv_rtldglobal_broken=yes
glib_cv_sane_realloc=yes
glib_cv_sizeof_gmutex=40
glib_cv_sizeof_intmax_t=8
glib_cv_sizeof_ptrdiff_t=8
glib_cv_sizeof_size_t=8
glib_cv_sizeof_system_thread=8
glib_cv_stack_grows=no
glib_cv_strlcpy=no
glib_cv_sys_pthread_cond_timedwait_posix=yes
glib_cv_sys_pthread_getspecific_posix=yes
glib_cv_sys_pthread_mutex_trylock_posix=yes
glib_cv_uscore=no
glib_cv_va_copy=yes
glib_cv_va_val_copy=no
gt_cv_locale_fr=fr_FR
hw_cv_func_snprintf_c99=yes
hw_cv_func_vsnprintf_c99=yes
lf_cv_sane_realloc=yes
lftp_cv_va_val_copy=no
libIDL_cv_long_long_format=ll
lt_cv_sys_lib_dlsearch_path_spec='/home/tepperson/gumstix/yocto/build/tmp/sysroots/x86_64-linux/usr/lib /home/tepperson/gumstix/yocto/build/tmp/sysroots/x86_64-linux/lib'
mr_cv_target_elf=yes
nano_cv_func_regexec_segv_emptystr=no
nfsd_cv_broken_setfsuid=0
nfsd_cv_bsd_signals=yes
nfsd_cv_func_statfs=statfs2_bsize
rpppoe_cv_pack_bitfields=rev
samba_cv_HAVE_IFACE_AIX=no
samba_cv_HAVE_IFACE_IFCONF=yes
samba_cv_HAVE_IFACE_IFREQ=yes
samba_cv_HAVE_IRIX_SPECIFIC_CAPABILITIES=no
samba_cv_HAVE_VA_COPY=yes
screen_cv_sys_bcopy_overlap=no
screen_cv_sys_fifo_broken_impl=yes
screen_cv_sys_fifo_usable=yes
screen_cv_sys_memcpy_overlap=no
screen_cv_sys_memmove_overlap=no
screen_cv_sys_select_broken_retval=no
screen_cv_sys_sockets_nofs=no
screen_cv_sys_sockets_usable=yes
screen_cv_sys_terminfo_used=yes
shadow_cv_logdir=/home/tepperson/gumstix/yocto/build/tmp/sysroots/x86_64-linux/var/log
shadow_cv_maildir=/home/tepperson/gumstix/yocto/build/tmp/sysroots/x86_64-linux/var/spool/mail
shadow_cv_mailfile=Mailbox
shadow_cv_passwd_dir=/home/tepperson/gumstix/yocto/build/tmp/sysroots/x86_64-linux/usr/bin
shadow_cv_utmpdir=/home/tepperson/gumstix/yocto/build/tmp/sysroots/x86_64-linux/var/run
slrn_cv_va_val_copy=no
sudo_cv_func_unsetenv_void=no
tcl_cv_api_serial=termios
utils_cv_sys_open_max=1015
xorg_cv_malloc0_returns_null=yes

## ----------------- ##
## Output variables. ##
## ----------------- ##

ACLOCAL='${SHELL} /home/tepperson/gumstix/yocto/build/workspace/sources/aws-progs-native/missing aclocal-1.15'
AMDEPBACKSLASH=''
AMDEP_FALSE=''
AMDEP_TRUE='#'
AMTAR='$${TAR-tar}'
AM_BACKSLASH='\'
AM_DEFAULT_V='$(AM_DEFAULT_VERBOSITY)'
AM_DEFAULT_VERBOSITY='1'
AM_V='$(V)'
AUTOCONF='${SHELL} /home/tepperson/gumstix/yocto/build/workspace/sources/aws-progs-native/missing autoconf'
AUTOHEADER='${SHELL} /home/tepperson/gumstix/yocto/build/workspace/sources/aws-progs-native/missing autoheader'
AUTOMAKE='${SHELL} /home/tepperson/gumstix/yocto/build/workspace/sources/aws-progs-native/missing automake-1.15'
AWK='gawk'
CC='gcc '
CCDEPMODE='depmode=none'
CFLAGS='-isystem/home/tepperson/gumstix/yocto/build/tmp/sysroots/x86_64-linux/usr/include -O2 -pipe'
CPPFLAGS='-isystem/home/tepperson/gumstix/yocto/build/tmp/sysroots/x86_64-linux/usr/include'
CYGPATH_W='echo'
DEFS='-DPACKAGE_NAME=\"aws-progs\" -DPACKAGE_TARNAME=\"aws-progs\" -DPACKAGE_VERSION=\"0.1\" -DPACKAGE_STRING=\"aws-progs\ 0.1\" -DPACKAGE_BUGREPORT=\"thomas.epperson@gmail.com\" -DPACKAGE_URL=\"\" -DPACKAGE=\"aws-progs\" -DVERSION=\"0.1\" -DHAVE_LIBAWSIOTSDK=1'
DEPDIR='.deps'
ECHO_C=''
ECHO_N='-n'
ECHO_T=''
EXEEXT=''
INSTALL_DATA='${INSTALL} -m 644'
INSTALL_PROGRAM='${INSTALL}'
INSTALL_SCRIPT='${INSTALL}'
INSTALL_STRIP_PROGRAM='$(install_sh) -c -s'
LDFLAGS='-L/home/tepperson/gumstix/yocto/build/tmp/sysroots/x86_64-linux/usr/lib -L/home/tepperson/gumstix/yocto/build/tmp/sysroots/x86_64-linux/lib -Wl,-rpath-link,/home/tepperson/gumstix/yocto/build/tmp/sysroots/x86_64-linux/usr/lib -Wl,-rpath-link,/home/tepperson/gumstix/yocto/build/tmp/sysroots/x86_64-linux/lib -Wl,-rpath,/home/tepperson/gumstix/yocto/build/tmp/sysroots/x86_64-linux/usr/lib -Wl,-rpath,/home/tepperson/gumstix/yocto/build/tmp/sysroots/x86_64-linux/lib -Wl,-O1'
LIBOBJS=''
LIBS='-lAwsIotSdk '
LTLIBOBJS=''
MAKEINFO='${SHELL} /home/tepperson/gumstix/yocto/build/workspace/sources/aws-progs-native/missing makeinfo'
MKDIR_P='/bin/mkdir -p'
OBJEXT='o'
PACKAGE='aws-progs'
PACKAGE_BUGREPORT='thomas.epperson@gmail.com'
PACKAGE_NAME='aws-progs'
PACKAGE_STRING='aws-progs 0.1'
PACKAGE_TARNAME='aws-progs'
PACKAGE_URL=''
PACKAGE_VERSION='0.1'
PATH_SEPARATOR=':'
SET_MAKE=''
SHELL='/bin/sh'
STRIP='strip'
VERSION='0.1'
ac_ct_CC=''
am__EXEEXT_FALSE=''
am__EXEEXT_TRUE='#'
am__fastdepCC_FALSE=''
am__fastdepCC_TRUE='#'
am__include='include'
am__isrc=''
am__leading_dot='.'
am__nodep=''
am__quote=''
am__tar='$${TAR-tar} chof - "$$tardir"'
am__untar='$${TAR-tar} xf -'
bindir='/home/tepperson/gumstix/yocto/build/tmp/sysroots/x86_64-linux/usr/bin'
build_alias='x86_64-linux'
datadir='/home/tepperson/gumstix/yocto/build/tmp/sysroots/x86_64-linux/usr/share'
datarootdir='${prefix}/share'
docdir='${datarootdir}/doc/${PACKAGE_TARNAME}'
dvidir='${docdir}'
exec_prefix='/home/tepperson/gumstix/yocto/build/tmp/sysroots/x86_64-linux/usr'
host_alias='x86_64-linux'
htmldir='${docdir}'
includedir='/home/tepperson/gumstix/yocto/build/tmp/sysroots/x86_64-linux/usr/include'
infodir='/home/tepperson/gumstix/yocto/build/tmp/sysroots/x86_64-linux/usr/share/info'
install_sh='${SHELL} /home/tepperson/gumstix/yocto/build/workspace/sources/aws-progs-native/install-sh'
libdir='/home/tepperson/gumstix/yocto/build/tmp/sysroots/x86_64-linux/usr/lib'
libexecdir='/home/tepperson/gumstix/yocto/build/tmp/sysroots/x86_64-linux/usr/libexec'
localedir='${datarootdir}/locale'
localstatedir='/home/tepperson/gumstix/yocto/build/tmp/sysroots/x86_64-linux/var'
mandir='/home/tepperson/gumstix/yocto/build/tmp/sysroots/x86_64-linux/usr/share/man'
mkdir_p='$(MKDIR_P)'
oldincludedir='/home/tepperson/gumstix/yocto/build/tmp/sysroots/x86_64-linux/usr/include'
pdfdir='${docdir}'
prefix='/home/tepperson/gumstix/yocto/build/tmp/sysroots/x86_64-linux/usr'
program_transform_name='s,x,x,'
psdir='${docdir}'
sbindir='/home/tepperson/gumstix/yocto/build/tmp/sysroots/x86_64-linux/usr/sbin'
sharedstatedir='/home/tepperson/gumstix/yocto/build/tmp/sysroots/x86_64-linux/com'
sysconfdir='/home/tepperson/gumstix/yocto/build/tmp/sysroots/x86_64-linux/etc'
target_alias='x86_64-linux'

## ----------- ##
## confdefs.h. ##
## ----------- ##

/* confdefs.h */
#define PACKAGE_NAME "aws-progs"
#define PACKAGE_TARNAME "aws-progs"
#define PACKAGE_VERSION "0.1"
#define PACKAGE_STRING "aws-progs 0.1"
#define PACKAGE_BUGREPORT "thomas.epperson@gmail.com"
#define PACKAGE_URL ""
#define PACKAGE "aws-progs"
#define VERSION "0.1"
#define HAVE_LIBAWSIOTSDK 1

configure: exit 0
